<?xml version="1.0" encoding="UTF-8"?>
<!-- Generated by org.testng.reporters.JUnitXMLReporter -->
<testsuite hostname="G1C2ML15622" ignored="0" name="Test" tests="1" failures="0" timestamp="03 Sep 2018 18:42:06 GMT" time="84.051" errors="0">
  <testcase name="mainControll on maven_testing_framework.framework.Main[,0,0,0x0,invalid,layout=java.awt.FlowLayout,alignmentX=0.0,alignmentY=0.0,border=,flags=9,maximumSize=,minimumSize=,preferredSize=]" time="67.881" classname="maven_testing_framework.framework.Main"/>
</testsuite> <!-- Test -->
